<?xml version="1.0" encoding="UTF-8"?>
<!-- Generated by org.testng.reporters.JUnitReportReporter -->
<testsuite hostname="DAT-BUI-1505" failures="0" tests="1" name="com.example.scenario_tests.login" time="4.207" errors="0" timestamp="2024-08-13T00:39:01 ICT" skipped="0">
  <testcase classname="com.example.scenario_tests.login" name="testCase1" time="4.207"/>
</testsuite> <!-- com.example.scenario_tests.login -->
